{"/Users/admin/Desktop/writter/di-backend/test/test.js":{"path":"/Users/admin/Desktop/writter/di-backend/test/test.js","s":{"1":1,"2":1,"3":1,"4":1,"5":1,"6":1,"7":1,"8":1,"9":1,"10":1,"11":1,"12":1,"13":1,"14":1,"15":1,"16":1,"17":0,"18":0,"19":0,"20":0,"21":0,"22":1,"23":0,"24":0,"25":0,"26":0,"27":0,"28":0,"29":0,"30":0,"31":0,"32":0,"33":0,"34":0,"35":0,"36":0,"37":0,"38":0,"39":0,"40":0,"41":0,"42":0,"43":0,"44":0,"45":0,"46":0,"47":0,"48":0,"49":0,"50":0,"51":0,"52":0,"53":0,"54":0,"55":0,"56":0,"57":0,"58":0},"b":{},"f":{"1":0,"2":0,"3":0,"4":0,"5":0,"6":0,"7":0,"8":0},"fnMap":{"1":{"name":"generateuserName","line":20,"loc":{"start":{"line":20,"column":0},"end":{"line":20,"column":34}}},"2":{"name":"(anonymous_2)","line":32,"loc":{"start":{"line":32,"column":52},"end":{"line":32,"column":67}}},"3":{"name":"(anonymous_3)","line":53,"loc":{"start":{"line":53,"column":18},"end":{"line":53,"column":33}}},"4":{"name":"(anonymous_4)","line":57,"loc":{"start":{"line":57,"column":19},"end":{"line":57,"column":34}}},"5":{"name":"(anonymous_5)","line":70,"loc":{"start":{"line":70,"column":18},"end":{"line":70,"column":33}}},"6":{"name":"(anonymous_6)","line":78,"loc":{"start":{"line":78,"column":19},"end":{"line":78,"column":34}}},"7":{"name":"(anonymous_7)","line":112,"loc":{"start":{"line":112,"column":18},"end":{"line":112,"column":33}}},"8":{"name":"(anonymous_8)","line":117,"loc":{"start":{"line":117,"column":19},"end":{"line":117,"column":34}}}},"statementMap":{"1":{"start":{"line":1,"column":0},"end":{"line":1,"column":37}},"2":{"start":{"line":2,"column":0},"end":{"line":2,"column":31}},"3":{"start":{"line":3,"column":0},"end":{"line":3,"column":43}},"4":{"start":{"line":4,"column":0},"end":{"line":4,"column":36}},"5":{"start":{"line":5,"column":0},"end":{"line":5,"column":39}},"6":{"start":{"line":6,"column":0},"end":{"line":6,"column":33}},"7":{"start":{"line":7,"column":0},"end":{"line":7,"column":31}},"8":{"start":{"line":8,"column":0},"end":{"line":8,"column":24}},"9":{"start":{"line":11,"column":0},"end":{"line":11,"column":29}},"10":{"start":{"line":12,"column":0},"end":{"line":12,"column":38}},"11":{"start":{"line":13,"column":0},"end":{"line":13,"column":29}},"12":{"start":{"line":14,"column":0},"end":{"line":14,"column":23}},"13":{"start":{"line":15,"column":0},"end":{"line":15,"column":27}},"14":{"start":{"line":16,"column":0},"end":{"line":16,"column":29}},"15":{"start":{"line":17,"column":0},"end":{"line":17,"column":19}},"16":{"start":{"line":20,"column":0},"end":{"line":28,"column":1}},"17":{"start":{"line":21,"column":4},"end":{"line":21,"column":18}},"18":{"start":{"line":22,"column":4},"end":{"line":22,"column":74}},"19":{"start":{"line":24,"column":4},"end":{"line":25,"column":77}},"20":{"start":{"line":25,"column":8},"end":{"line":25,"column":77}},"21":{"start":{"line":27,"column":4},"end":{"line":27,"column":16}},"22":{"start":{"line":31,"column":0},"end":{"line":43,"column":3}},"23":{"start":{"line":32,"column":4},"end":{"line":42,"column":6}},"24":{"start":{"line":33,"column":8},"end":{"line":41,"column":15}},"25":{"start":{"line":38,"column":16},"end":{"line":38,"column":53}},"26":{"start":{"line":39,"column":16},"end":{"line":39,"column":44}},"27":{"start":{"line":40,"column":16},"end":{"line":40,"column":23}},"28":{"start":{"line":48,"column":0},"end":{"line":61,"column":3}},"29":{"start":{"line":49,"column":4},"end":{"line":60,"column":6}},"30":{"start":{"line":50,"column":8},"end":{"line":59,"column":15}},"31":{"start":{"line":54,"column":16},"end":{"line":54,"column":48}},"32":{"start":{"line":55,"column":16},"end":{"line":55,"column":23}},"33":{"start":{"line":58,"column":16},"end":{"line":58,"column":26}},"34":{"start":{"line":65,"column":0},"end":{"line":82,"column":3}},"35":{"start":{"line":66,"column":4},"end":{"line":81,"column":6}},"36":{"start":{"line":67,"column":8},"end":{"line":80,"column":15}},"37":{"start":{"line":72,"column":16},"end":{"line":72,"column":56}},"38":{"start":{"line":73,"column":16},"end":{"line":73,"column":62}},"39":{"start":{"line":75,"column":16},"end":{"line":75,"column":48}},"40":{"start":{"line":76,"column":16},"end":{"line":76,"column":23}},"41":{"start":{"line":79,"column":16},"end":{"line":79,"column":26}},"42":{"start":{"line":85,"column":0},"end":{"line":100,"column":7}},"43":{"start":{"line":86,"column":4},"end":{"line":99,"column":6}},"44":{"start":{"line":88,"column":8},"end":{"line":88,"column":48}},"45":{"start":{"line":89,"column":8},"end":{"line":89,"column":35}},"46":{"start":{"line":90,"column":8},"end":{"line":98,"column":15}},"47":{"start":{"line":95,"column":16},"end":{"line":95,"column":44}},"48":{"start":{"line":96,"column":16},"end":{"line":96,"column":46}},"49":{"start":{"line":97,"column":16},"end":{"line":97,"column":23}},"50":{"start":{"line":103,"column":0},"end":{"line":121,"column":3}},"51":{"start":{"line":104,"column":4},"end":{"line":120,"column":6}},"52":{"start":{"line":106,"column":8},"end":{"line":106,"column":48}},"53":{"start":{"line":107,"column":8},"end":{"line":107,"column":35}},"54":{"start":{"line":108,"column":8},"end":{"line":119,"column":15}},"55":{"start":{"line":113,"column":16},"end":{"line":113,"column":48}},"56":{"start":{"line":114,"column":16},"end":{"line":114,"column":47}},"57":{"start":{"line":115,"column":16},"end":{"line":115,"column":23}},"58":{"start":{"line":118,"column":16},"end":{"line":118,"column":26}}},"branchMap":{}}}